
[0m[2m[35m$[0m [2m[1mtsup src/index.ts --format esm --dts && vite build[0m
[34mCLI[39m Building entry: src/index.ts
[34mCLI[39m Using tsconfig: tsconfig.json
[34mCLI[39m tsup v6.7.0
[34mCLI[39m Using tsup config: /Users/shawwalters/eliza-self/packages/plugin-ngrok/tsup.config.ts
[34mCLI[39m Target: es2022
[34mCLI[39m Cleaning output folder
[34mESM[39m Build start
[32mESM[39m [1mdist/index.js     [22m[32m19.21 KB[39m
[32mESM[39m [1mdist/index.js.map [22m[32m34.12 KB[39m
[32mESM[39m ⚡️ Build success in 19ms
[34mDTS[39m Build start
[32mDTS[39m ⚡️ Build success in 724ms
[32mDTS[39m [1mdist/index.d.ts [22m[32m1.65 KB[39m
[36mvite v5.4.19 [32mbuilding for production...[36m[39m
[2K[1Gtransforming (1) [2mindex.html[22m[2K[1Gtransforming (11) [2msrc/frontend/ui/badge.tsx[22m[2K[1G[2K[1G[2K[1G[2K[1G[2K[1G[2K[1G[2K[1G[2K[1G[2K[1G[2K[1G[2K[1G[2K[1G[2K[1G[2K[1Gtransforming (56) [2mnode_modules/lucide-react/dist/esm/icons/align-horizonta[2K[1Gtransforming (554) [2mnode_modules/lucide-react/dist/esm/icons/flag.js[22m[2K[1Gtransforming (1136) [2mnode_modules/lucide-react/dist/esm/icons/skull.js[22m[2K[1G[2K[1G[2K[1Gtransforming (1588) [2m../../node_modules/react-dom/cjs/react-dom.production.[2K[1G[2K[1G[32m✓[39m 1607 modules transformed.
[2K[1Grendering chunks (1)...[2K[1G[2K[1Gcomputing gzip size (0)...[2K[1Gcomputing gzip size (1)...[2K[1Gcomputing gzip size (2)...[2K[1Gcomputing gzip size (3)...[2K[1G[2mdist/frontend/[22m[32mindex.html                [39m[1m[2m  0.48 kB[22m[1m[22m[2m │ gzip:  0.31 kB[22m
[2mdist/frontend/[22m[2massets/[22m[35mmain-dvZZGCcd.css  [39m[1m[2m  1.48 kB[22m[1m[22m[2m │ gzip:  0.49 kB[22m
[2mdist/frontend/[22m[2massets/[22m[36mmain-DrjUmKl1.js   [39m[1m[2m266.94 kB[22m[1m[22m[2m │ gzip: 82.46 kB[22m
[32m✓ built in 938ms[39m
